13:39:07 **** Incremental Build of configuration Debug for project EEPROM ****
make all 
Building file: ../EEPROM_proj.c
Invoking: AVR Compiler
avr-gcc -Wall -g2 -gstabs -O0 -fpack-struct -fshort-enums -ffunction-sections -fdata-sections -std=gnu99 -funsigned-char -funsigned-bitfields -mmcu=atmega32 -DF_CPU=16000000UL -MMD -MP -MF"EEPROM_proj.d" -MT"EEPROM_proj.o" -c -o "EEPROM_proj.o" "../EEPROM_proj.c"
Finished building: ../EEPROM_proj.c
 
Building target: EEPROM.elf
Invoking: AVR C Linker
avr-gcc -Wl,-Map,EEPROM.map -mmcu=atmega32 -o "EEPROM.elf"  ./Dio_Prog.o ./EEPROM_proj.o ./I2C_Prog.o ./LED_proj.o ./main.o   
Finished building target: EEPROM.elf
 
Invoking: AVR Create Extended Listing
avr-objdump -h -S EEPROM.elf  >"EEPROM.lss"
Finished building: EEPROM.lss
 
Create Flash image (ihex format)
avr-objcopy -R .eeprom -R .fuse -R .lock -R .signature -O ihex EEPROM.elf  "EEPROM.hex"
Finished building: EEPROM.hex
 
Create eeprom image (ihex format)
avr-objcopy -j .eeprom --no-change-warnings --change-section-lma .eeprom=0 -O ihex EEPROM.elf  "EEPROM.eep"
Finished building: EEPROM.eep
 
Invoking: Print Size
avr-size --format=avr --mcu=atmega32 EEPROM.elf
AVR Memory Usage
----------------
Device: atmega32

Program:    6782 bytes (20.7% Full)
(.text + .data + .bootloader)

Data:          9 bytes (0.4% Full)
(.data + .bss + .noinit)


Finished building: sizedummy
 

13:39:07 Build Finished (took 797ms)

