15:22:18 **** Incremental Build of configuration Debug for project TIMER_PWM ****
make all 
Building file: ../main.c
Invoking: AVR Compiler
avr-gcc -Wall -g2 -gstabs -O0 -fpack-struct -fshort-enums -ffunction-sections -fdata-sections -std=gnu99 -funsigned-char -funsigned-bitfields -mmcu=atmega32 -DF_CPU=16000000UL -MMD -MP -MF"main.d" -MT"main.o" -c -o "main.o" "../main.c"
In file included from ../main.c:1:
c:/winavr-20100110/lib/gcc/../../avr/include/avr/delay.h:36:2: warning: #warning "This file has been moved to <util/delay.h>."
In file included from c:/winavr-20100110/lib/gcc/../../avr/include/avr/delay.h:37,
                 from ../main.c:1:
c:/winavr-20100110/lib/gcc/../../avr/include/util/delay.h:90:3: warning: #warning "Compiler optimizations disabled; functions from <util/delay.h> won't work as designed"
../main.c: In function 'main':
../main.c:7: warning: implicit declaration of function 'timer_init'
Finished building: ../main.c
 
Building target: TIMER_PWM.elf
Invoking: AVR C Linker
avr-gcc -Wl,-Map,TIMER_PWM.map -mmcu=atmega32 -o "TIMER_PWM.elf"  ./Dio_Prog.o ./LED_proj.o ./TIMER_proj.o ./main.o   
Finished building target: TIMER_PWM.elf
 
Invoking: AVR Create Extended Listing
avr-objdump -h -S TIMER_PWM.elf  >"TIMER_PWM.lss"
Finished building: TIMER_PWM.lss
 
Create Flash image (ihex format)
avr-objcopy -R .eeprom -R .fuse -R .lock -R .signature -O ihex TIMER_PWM.elf  "TIMER_PWM.hex"
Finished building: TIMER_PWM.hex
 
Invoking: Print Size
avr-size --format=avr --mcu=atmega32 TIMER_PWM.elf
AVR Memory Usage
----------------
Device: atmega32

Program:    5376 bytes (16.4% Full)
(.text + .data + .bootloader)

Data:          8 bytes (0.4% Full)
(.data + .bss + .noinit)


Finished building: sizedummy
 

15:22:18 Build Finished (took 969ms)

