16:24:46 **** Incremental Build of configuration Debug for project TIMER_SERVO ****
make all 
Building file: ../TIMER_proj.c
Invoking: AVR Compiler
avr-gcc -Wall -g2 -gstabs -O0 -fpack-struct -fshort-enums -ffunction-sections -fdata-sections -std=gnu99 -funsigned-char -funsigned-bitfields -mmcu=atmega32 -DF_CPU=16000000UL -MMD -MP -MF"TIMER_proj.d" -MT"TIMER_proj.o" -c -o "TIMER_proj.o" "../TIMER_proj.c"
In file included from ../TIMER_proj.c:7:
../timer_init.h:13:1: warning: "SREG" redefined
In file included from c:/winavr-20100110/lib/gcc/../../avr/include/avr/io.h:410,
                 from c:/winavr-20100110/lib/gcc/../../avr/include/avr/interrupt.h:38,
                 from ../TIMER_proj.c:5:
c:/winavr-20100110/lib/gcc/../../avr/include/avr/common.h:103:1: warning: this is the location of the previous definition
In file included from ../TIMER_proj.c:7:
../timer_init.h:14:1: warning: "TCCR0" redefined
In file included from c:/winavr-20100110/lib/gcc/../../avr/include/avr/io.h:206,
                 from c:/winavr-20100110/lib/gcc/../../avr/include/avr/interrupt.h:38,
                 from ../TIMER_proj.c:5:
c:/winavr-20100110/lib/gcc/../../avr/include/avr/iom32.h:148:1: warning: this is the location of the previous definition
In file included from ../TIMER_proj.c:7:
../timer_init.h:15:1: warning: "TCNT0" redefined
In file included from c:/winavr-20100110/lib/gcc/../../avr/include/avr/io.h:206,
                 from c:/winavr-20100110/lib/gcc/../../avr/include/avr/interrupt.h:38,
                 from ../TIMER_proj.c:5:
c:/winavr-20100110/lib/gcc/../../avr/include/avr/iom32.h:147:1: warning: this is the location of the previous definition
In file included from ../TIMER_proj.c:7:
../timer_init.h:16:1: warning: "TIMSK" redefined
In file included from c:/winavr-20100110/lib/gcc/../../avr/include/avr/io.h:206,
                 from c:/winavr-20100110/lib/gcc/../../avr/include/avr/interrupt.h:38,
                 from ../TIMER_proj.c:5:
c:/winavr-20100110/lib/gcc/../../avr/include/avr/iom32.h:159:1: warning: this is the location of the previous definition
In file included from ../TIMER_proj.c:7:
../timer_init.h:17:1: warning: "OCR0" redefined
In file included from c:/winavr-20100110/lib/gcc/../../avr/include/avr/io.h:206,
                 from c:/winavr-20100110/lib/gcc/../../avr/include/avr/interrupt.h:38,
                 from ../TIMER_proj.c:5:
c:/winavr-20100110/lib/gcc/../../avr/include/avr/iom32.h:165:1: warning: this is the location of the previous definition
Finished building: ../TIMER_proj.c
 
Building target: TIMER_SERVO.elf
Invoking: AVR C Linker
avr-gcc -Wl,-Map,TIMER_SERVO.map -mmcu=atmega32 -o "TIMER_SERVO.elf"  ./Dio_Prog.o ./LED_proj.o ./TIMER_proj.o ./main.o   
Finished building target: TIMER_SERVO.elf
 
Invoking: AVR Create Extended Listing
avr-objdump -h -S TIMER_SERVO.elf  >"TIMER_SERVO.lss"
Finished building: TIMER_SERVO.lss
 
Create Flash image (ihex format)
avr-objcopy -R .eeprom -R .fuse -R .lock -R .signature -O ihex TIMER_SERVO.elf  "TIMER_SERVO.hex"
Finished building: TIMER_SERVO.hex
 
Invoking: Print Size
avr-size --format=avr --mcu=atmega32 TIMER_SERVO.elf
AVR Memory Usage
----------------
Device: atmega32

Program:    5376 bytes (16.4% Full)
(.text + .data + .bootloader)

Data:          8 bytes (0.4% Full)
(.data + .bss + .noinit)


Finished building: sizedummy
 

16:24:47 Build Finished (took 1s.5ms)

